<?xml version="1.0" encoding="utf-8"?><testsuites name="pytest tests"><testsuite name="pytest" errors="0" failures="0" skipped="0" tests="15" time="1.975" timestamp="2026-06-30T08:55:52.925438+00:00" hostname="agent-env-1c17294f-7bf1-4fad-8208-6e41fcc3ec63"><testcase classname="tests.test_auth.TestAuthMe" name="test_me_unauthenticated_returns_401" time="0.268" /><testcase classname="tests.test_auth.TestRegression" name="test_founders_stats" time="0.267" /><testcase classname="tests.test_auth.TestRegression" name="test_founders_apply_validation" time="0.097" /><testcase classname="tests.test_auth.TestAuthMe" name="test_me_with_bearer_token" time="0.149" /><testcase classname="tests.test_auth.TestRegression" name="test_wedding_meta" time="0.099" /><testcase classname="tests.test_auth.TestAuthMe" name="test_me_with_cookie" time="0.105" /><testcase classname="tests.test_auth.TestRegression" name="test_wedding_unlock_correct_pin" time="0.096" /><testcase classname="tests.test_auth.TestAuthMe" name="test_me_with_invalid_token" time="0.096" /><testcase classname="tests.test_auth.TestRegression" name="test_wedding_unlock_wrong_pin" time="0.140" /><testcase classname="tests.test_auth.TestAuthMe" name="test_me_with_expired_token" time="0.134" /><testcase classname="tests.test_auth.TestRegression" name="test_studio_stats" time="0.099" /><testcase classname="tests.test_auth.TestAuthSession" name="test_session_invalid_session_id" time="0.221" /><testcase classname="tests.test_auth.TestAuthLogout" name="test_logout_with_valid_token_invalidates_session" time="0.353" /><testcase classname="tests.test_auth.TestAuthSession" name="test_session_missing_body_returns_422" time="0.128" /><testcase classname="tests.test_auth.TestAuthLogout" name="test_logout_without_token_ok" time="0.100" /></testsuite></testsuites>