<?xml version="1.0" encoding="utf-8"?><testsuites name="pytest tests"><testsuite name="pytest" errors="0" failures="0" skipped="0" tests="7" time="1.176" timestamp="2026-06-30T08:13:25.292161+00:00" hostname="agent-env-1c17294f-7bf1-4fad-8208-6e41fcc3ec63"><testcase classname="tests.test_studio_and_ott.TestWeddingUnlock" name="test_unlock_with_correct_pin" time="0.285" /><testcase classname="tests.test_studio_and_ott.TestWeddingMeta" name="test_meta_after_refactor" time="0.262" /><testcase classname="tests.test_studio_and_ott.TestWeddingMeta" name="test_meta_404" time="0.131" /><testcase classname="tests.test_studio_and_ott.TestWeddingUnlock" name="test_unlock_with_wrong_pin" time="0.101" /><testcase classname="tests.test_studio_and_ott.TestStudioStats" name="test_studio_stats_shape" time="0.098" /><testcase classname="tests.test_studio_and_ott.TestFoundersRegression" name="test_stats" time="0.141" /><testcase classname="tests.test_studio_and_ott.TestFoundersRegression" name="test_apply_validation" time="0.136" /></testsuite></testsuites>