<?xml version="1.0" encoding="utf-8"?><testsuites name="pytest tests"><testsuite name="pytest" errors="0" failures="0" skipped="0" tests="8" time="1.216" timestamp="2026-06-30T08:03:05.690010+00:00" hostname="agent-env-1c17294f-7bf1-4fad-8208-6e41fcc3ec63"><testcase classname="tests.test_wedding_ott.TestWeddingUnlock" name="test_unlock_wrong_pin" time="0.268" /><testcase classname="tests.test_wedding_ott.TestWeddingMeta" name="test_meta_valid_slug" time="0.312" /><testcase classname="tests.test_wedding_ott.TestWeddingUnlock" name="test_unlock_correct_pin" time="0.133" /><testcase classname="tests.test_wedding_ott.TestWeddingMeta" name="test_meta_not_found" time="0.100" /><testcase classname="tests.test_wedding_ott.TestWeddingUnlock" name="test_unlock_not_found" time="0.099" /><testcase classname="tests.test_wedding_ott.TestFoundersRegression" name="test_stats" time="0.096" /><testcase classname="tests.test_wedding_ott.TestEpisodesDemoBackCompat" name="test_demo" time="0.131" /><testcase classname="tests.test_wedding_ott.TestFoundersRegression" name="test_list_applications" time="0.106" /></testsuite></testsuites>